==============================
 ELK Error Check - 2026-04-05 21:21:01
==============================
Total errors: 8
!! ALERT: Error count 8 exceeds threshold 2

Errors by endpoint:
  /api/login: 3 errors
  /api/transfer: 2 errors
  /api/balance: 1 errors
  /api/users: 1 errors
  /health: 1 errors
==============================
==============================
 ELK Error Check - 2026-04-05 21:22:01
==============================
Total errors: 8
!! ALERT: Error count 8 exceeds threshold 2

Errors by endpoint:
  /api/login: 3 errors
  /api/transfer: 2 errors
  /api/balance: 1 errors
  /api/users: 1 errors
  /health: 1 errors
==============================
==============================
 ELK Error Check - 2026-04-05 21:23:01
==============================
Total errors: 8
!! ALERT: Error count 8 exceeds threshold 2

Errors by endpoint:
  /api/login: 3 errors
  /api/transfer: 2 errors
  /api/balance: 1 errors
  /api/users: 1 errors
  /health: 1 errors
==============================
